{"total": {"lines":{"total":498,"covered":496,"skipped":0,"pct":99.59},"statements":{"total":498,"covered":496,"skipped":0,"pct":99.59},"functions":{"total":26,"covered":26,"skipped":0,"pct":100},"branches":{"total":143,"covered":123,"skipped":0,"pct":86.01},"branchesTrue":{"total":0,"covered":0,"skipped":0,"pct":100}}
,"D:\\device_monitoring_tactical\\static\\js\\dashboard\\sseClient.js": {"lines":{"total":319,"covered":317,"skipped":0,"pct":99.37},"functions":{"total":15,"covered":15,"skipped":0,"pct":100},"statements":{"total":319,"covered":317,"skipped":0,"pct":99.37},"branches":{"total":51,"covered":48,"skipped":0,"pct":94.11}}
,"D:\\device_monitoring_tactical\\static\\js\\tracking\\console\\apiNormalizer.js": {"lines":{"total":107,"covered":107,"skipped":0,"pct":100},"functions":{"total":5,"covered":5,"skipped":0,"pct":100},"statements":{"total":107,"covered":107,"skipped":0,"pct":100},"branches":{"total":60,"covered":52,"skipped":0,"pct":86.66}}
,"D:\\device_monitoring_tactical\\static\\js\\tracking\\console\\eventFeedStore.js": {"lines":{"total":72,"covered":72,"skipped":0,"pct":100},"functions":{"total":6,"covered":6,"skipped":0,"pct":100},"statements":{"total":72,"covered":72,"skipped":0,"pct":100},"branches":{"total":32,"covered":23,"skipped":0,"pct":71.87}}
}
